Determining if the pthread_create exist failed with the following output:
Change Dir: /home/lucerna/Documents/f110-avp/avp_ws/build/CMakeFiles/CMakeTmp

Run Build Command:"/usr/bin/make" "cmTC_2c92f/fast"
/usr/bin/make -f CMakeFiles/cmTC_2c92f.dir/build.make CMakeFiles/cmTC_2c92f.dir/build
make[1]: Entering directory '/home/lucerna/Documents/f110-avp/avp_ws/build/CMakeFiles/CMakeTmp'
Building C object CMakeFiles/cmTC_2c92f.dir/CheckSymbolExists.c.o
/usr/bin/cc    -o CMakeFiles/cmTC_2c92f.dir/CheckSymbolExists.c.o   -c /home/lucerna/Documents/f110-avp/avp_ws/build/CMakeFiles/CMakeTmp/CheckSymbolExists.c
Linking C executable cmTC_2c92f
/usr/bin/cmake -E cmake_link_script CMakeFiles/cmTC_2c92f.dir/link.txt --verbose=1
/usr/bin/cc      -rdynamic CMakeFiles/cmTC_2c92f.dir/CheckSymbolExists.c.o  -o cmTC_2c92f 
CMakeFiles/cmTC_2c92f.dir/CheckSymbolExists.c.o: In function `main':
CheckSymbolExists.c:(.text+0x1b): undefined reference to `pthread_create'
collect2: error: ld returned 1 exit status
CMakeFiles/cmTC_2c92f.dir/build.make:97: recipe for target 'cmTC_2c92f' failed
make[1]: *** [cmTC_2c92f] Error 1
make[1]: Leaving directory '/home/lucerna/Documents/f110-avp/avp_ws/build/CMakeFiles/CMakeTmp'
Makefile:126: recipe for target 'cmTC_2c92f/fast' failed
make: *** [cmTC_2c92f/fast] Error 2

File /home/lucerna/Documents/f110-avp/avp_ws/build/CMakeFiles/CMakeTmp/CheckSymbolExists.c:
/* */
#include <pthread.h>

int main(int argc, char** argv)
{
  (void)argv;
#ifndef pthread_create
  return ((int*)(&pthread_create))[argc];
#else
  (void)argc;
  return 0;
#endif
}

Determining if the function pthread_create exists in the pthreads failed with the following output:
Change Dir: /home/lucerna/Documents/f110-avp/avp_ws/build/CMakeFiles/CMakeTmp

Run Build Command:"/usr/bin/make" "cmTC_5b913/fast"
/usr/bin/make -f CMakeFiles/cmTC_5b913.dir/build.make CMakeFiles/cmTC_5b913.dir/build
make[1]: Entering directory '/home/lucerna/Documents/f110-avp/avp_ws/build/CMakeFiles/CMakeTmp'
Building C object CMakeFiles/cmTC_5b913.dir/CheckFunctionExists.c.o
/usr/bin/cc   -DCHECK_FUNCTION_EXISTS=pthread_create   -o CMakeFiles/cmTC_5b913.dir/CheckFunctionExists.c.o   -c /usr/share/cmake-3.10/Modules/CheckFunctionExists.c
Linking C executable cmTC_5b913
/usr/bin/cmake -E cmake_link_script CMakeFiles/cmTC_5b913.dir/link.txt --verbose=1
/usr/bin/cc  -DCHECK_FUNCTION_EXISTS=pthread_create    -rdynamic CMakeFiles/cmTC_5b913.dir/CheckFunctionExists.c.o  -o cmTC_5b913 -lpthreads 
/usr/bin/ld: cannot find -lpthreads
collect2: error: ld returned 1 exit status
CMakeFiles/cmTC_5b913.dir/build.make:97: recipe for target 'cmTC_5b913' failed
make[1]: *** [cmTC_5b913] Error 1
make[1]: Leaving directory '/home/lucerna/Documents/f110-avp/avp_ws/build/CMakeFiles/CMakeTmp'
Makefile:126: recipe for target 'cmTC_5b913/fast' failed
make: *** [cmTC_5b913/fast] Error 2


